#
# There is insufficient memory for the Java Runtime Environment to continue.
# Native memory allocation (mmap) failed to map 83886080 bytes for committing reserved memory.
# Possible reasons:
#   The system is out of physical RAM or swap space
#   The process is running with CompressedOops enabled, and the Java Heap may be blocking the growth of the native heap
# Possible solutions:
#   Reduce memory load on the system
#   Increase physical memory or swap space
#   Check if swap backing store is full
#   Decrease Java heap size (-Xmx/-Xms)
#   Decrease number of Java threads
#   Decrease Java thread stack sizes (-Xss)
#   Set larger code cache with -XX:ReservedCodeCacheSize=
# This output file may be truncated or incomplete.
#
#  Out of Memory Error (os_linux.cpp:2749), pid=7908, tid=0x00007f3b3a000700
#
# JRE version:  (8.0_221-b11) (build )
# Java VM: Java HotSpot(TM) 64-Bit Server VM (25.221-b11 mixed mode linux-amd64 compressed oops)
# Failed to write core dump. Core dumps have been disabled. To enable core dumping, try "ulimit -c unlimited" before starting Java again
#

---------------  T H R E A D  ---------------

Current thread (0x00007f3b3400b800):  JavaThread "Unknown thread" [_thread_in_vm, id=7914, stack(0x00007f3b39f01000,0x00007f3b3a001000)]

Stack: [0x00007f3b39f01000,0x00007f3b3a001000],  sp=0x00007f3b39fff570,  free space=1017k
Native frames: (J=compiled Java code, j=interpreted, Vv=VM code, C=native code)
V  [libjvm.so+0xad3455]  VMError::report_and_die()+0x2e5
V  [libjvm.so+0x4e0537]  report_vm_out_of_memory(char const*, int, unsigned long, VMErrorType, char const*)+0x67
V  [libjvm.so+0x910320]  os::pd_commit_memory(char*, unsigned long, unsigned long, bool)+0x100
V  [libjvm.so+0x90794f]  os::commit_memory(char*, unsigned long, unsigned long, bool)+0x1f
V  [libjvm.so+0x98c736]  PSVirtualSpace::expand_by(unsigned long)+0x56
V  [libjvm.so+0x97cfec]  PSOldGen::initialize(ReservedSpace, unsigned long, char const*, int)+0x8c
V  [libjvm.so+0x2bd00e]  AdjoiningGenerations::AdjoiningGenerations(ReservedSpace, GenerationSizer*, unsigned long)+0x2fe
V  [libjvm.so+0x93ac62]  ParallelScavengeHeap::initialize()+0x222
V  [libjvm.so+0xa9707a]  Universe::initialize_heap()+0x16a
V  [libjvm.so+0xa97363]  universe_init()+0x33
V  [libjvm.so+0x6321a0]  init_globals()+0x50
V  [libjvm.so+0xa79a99]  Threads::create_vm(JavaVMInitArgs*, bool*)+0x409
V  [libjvm.so+0x6d7d1f]  JNI_CreateJavaVM+0x4f
C  [libjli.so+0x7ee4]  JavaMain+0x84
C  [libpthread.so.0+0x76db]  start_thread+0xdb


---------------  P R O C E S S  ---------------

Java Threads: ( => current thread )

Other Threads:

=>0x00007f3b3400b800 (exited) JavaThread "Unknown thread" [_thread_in_vm, id=7914, stack(0x00007f3b39f01000,0x00007f3b3a001000)]

VM state:not at safepoint (not fully initialized)

VM Mutex/Monitor currently owned by a thread: None

heap address: 0x0000000089600000, size: 1898 MB, Compressed Oops mode: Non-zero based:0x00000000895ff000
Narrow klass base: 0x0000000000000000, Narrow klass shift: 0

GC Heap History (0 events):
No events

Deoptimization events (0 events):
No events

Classes redefined (0 events):
No events

Internal exceptions (0 events):
No events

Events (0 events):
No events


Dynamic libraries:
00400000-00401000 r-xp 00000000 103:03 536087                            /home/joel/java/jdk1.8.0_221/bin/java
00600000-00601000 r--p 00000000 103:03 536087                            /home/joel/java/jdk1.8.0_221/bin/java
00601000-00602000 rw-p 00001000 103:03 536087                            /home/joel/java/jdk1.8.0_221/bin/java
011ae000-011cf000 rw-p 00000000 00:00 0                                  [heap]
8e600000-d8780000 ---p 00000000 00:00 0 
d8780000-daf80000 rw-p 00000000 00:00 0 
daf80000-100000000 ---p 00000000 00:00 0 
7f3b23551000-7f3b237e6000 rw-p 00000000 00:00 0 
7f3b237e6000-7f3b23a5e000 ---p 00000000 00:00 0 
7f3b23a5e000-7f3b23a73000 rw-p 00000000 00:00 0 
7f3b23a73000-7f3b23b9b000 ---p 00000000 00:00 0 
7f3b23b9b000-7f3b23ba6000 rw-p 00000000 00:00 0 
7f3b23ba6000-7f3b23f5c000 ---p 00000000 00:00 0 
7f3b23f5c000-7f3b241cc000 rwxp 00000000 00:00 0 
7f3b241cc000-7f3b32f5c000 ---p 00000000 00:00 0 
7f3b32f5c000-7f3b32f77000 r-xp 00000000 103:03 536248                    /home/joel/java/jdk1.8.0_221/jre/lib/amd64/libzip.so
7f3b32f77000-7f3b33176000 ---p 0001b000 103:03 536248                    /home/joel/java/jdk1.8.0_221/jre/lib/amd64/libzip.so
7f3b33176000-7f3b33177000 r--p 0001a000 103:03 536248                    /home/joel/java/jdk1.8.0_221/jre/lib/amd64/libzip.so
7f3b33177000-7f3b33178000 rw-p 0001b000 103:03 536248                    /home/joel/java/jdk1.8.0_221/jre/lib/amd64/libzip.so
7f3b33178000-7f3b33183000 r-xp 00000000 103:03 136918                    /lib/x86_64-linux-gnu/libnss_files-2.27.so
7f3b33183000-7f3b33382000 ---p 0000b000 103:03 136918                    /lib/x86_64-linux-gnu/libnss_files-2.27.so
7f3b33382000-7f3b33383000 r--p 0000a000 103:03 136918                    /lib/x86_64-linux-gnu/libnss_files-2.27.so
7f3b33383000-7f3b33384000 rw-p 0000b000 103:03 136918                    /lib/x86_64-linux-gnu/libnss_files-2.27.so
7f3b33384000-7f3b3338a000 rw-p 00000000 00:00 0 
7f3b3338a000-7f3b333a1000 r-xp 00000000 103:03 136912                    /lib/x86_64-linux-gnu/libnsl-2.27.so
7f3b333a1000-7f3b335a0000 ---p 00017000 103:03 136912                    /lib/x86_64-linux-gnu/libnsl-2.27.so
7f3b335a0000-7f3b335a1000 r--p 00016000 103:03 136912                    /lib/x86_64-linux-gnu/libnsl-2.27.so
7f3b335a1000-7f3b335a2000 rw-p 00017000 103:03 136912                    /lib/x86_64-linux-gnu/libnsl-2.27.so
7f3b335a2000-7f3b335a4000 rw-p 00000000 00:00 0 
7f3b335a4000-7f3b335af000 r-xp 00000000 103:03 136929                    /lib/x86_64-linux-gnu/libnss_nis-2.27.so
7f3b335af000-7f3b337ae000 ---p 0000b000 103:03 136929                    /lib/x86_64-linux-gnu/libnss_nis-2.27.so
7f3b337ae000-7f3b337af000 r--p 0000a000 103:03 136929                    /lib/x86_64-linux-gnu/libnss_nis-2.27.so
7f3b337af000-7f3b337b0000 rw-p 0000b000 103:03 136929                    /lib/x86_64-linux-gnu/libnss_nis-2.27.so
7f3b337b0000-7f3b337b8000 r-xp 00000000 103:03 136914                    /lib/x86_64-linux-gnu/libnss_compat-2.27.so
7f3b337b8000-7f3b339b8000 ---p 00008000 103:03 136914                    /lib/x86_64-linux-gnu/libnss_compat-2.27.so
7f3b339b8000-7f3b339b9000 r--p 00008000 103:03 136914                    /lib/x86_64-linux-gnu/libnss_compat-2.27.so
7f3b339b9000-7f3b339ba000 rw-p 00009000 103:03 136914                    /lib/x86_64-linux-gnu/libnss_compat-2.27.so
7f3b339ba000-7f3b339e6000 r-xp 00000000 103:03 536239                    /home/joel/java/jdk1.8.0_221/jre/lib/amd64/libjava.so
7f3b339e6000-7f3b33be6000 ---p 0002c000 103:03 536239                    /home/joel/java/jdk1.8.0_221/jre/lib/amd64/libjava.so
7f3b33be6000-7f3b33be7000 r--p 0002c000 103:03 536239                    /home/joel/java/jdk1.8.0_221/jre/lib/amd64/libjava.so
7f3b33be7000-7f3b33be9000 rw-p 0002d000 103:03 536239                    /home/joel/java/jdk1.8.0_221/jre/lib/amd64/libjava.so
7f3b33be9000-7f3b33bf6000 r-xp 00000000 103:03 536230                    /home/joel/java/jdk1.8.0_221/jre/lib/amd64/libverify.so
7f3b33bf6000-7f3b33df5000 ---p 0000d000 103:03 536230                    /home/joel/java/jdk1.8.0_221/jre/lib/amd64/libverify.so
7f3b33df5000-7f3b33df7000 r--p 0000c000 103:03 536230                    /home/joel/java/jdk1.8.0_221/jre/lib/amd64/libverify.so
7f3b33df7000-7f3b33df8000 rw-p 0000e000 103:03 536230                    /home/joel/java/jdk1.8.0_221/jre/lib/amd64/libverify.so
7f3b33df8000-7f3b33dff000 r-xp 00000000 103:03 136969                    /lib/x86_64-linux-gnu/librt-2.27.so
7f3b33dff000-7f3b33ffe000 ---p 00007000 103:03 136969                    /lib/x86_64-linux-gnu/librt-2.27.so
7f3b33ffe000-7f3b33fff000 r--p 00006000 103:03 136969                    /lib/x86_64-linux-gnu/librt-2.27.so
7f3b33fff000-7f3b34000000 rw-p 00007000 103:03 136969                    /lib/x86_64-linux-gnu/librt-2.27.so
7f3b34000000-7f3b34036000 rw-p 00000000 00:00 0 
7f3b34036000-7f3b38000000 ---p 00000000 00:00 0 
7f3b38042000-7f3b381df000 r-xp 00000000 103:03 136891                    /lib/x86_64-linux-gnu/libm-2.27.so
7f3b381df000-7f3b383de000 ---p 0019d000 103:03 136891                    /lib/x86_64-linux-gnu/libm-2.27.so
7f3b383de000-7f3b383df000 r--p 0019c000 103:03 136891                    /lib/x86_64-linux-gnu/libm-2.27.so
7f3b383df000-7f3b383e0000 rw-p 0019d000 103:03 136891                    /lib/x86_64-linux-gnu/libm-2.27.so
7f3b383e0000-7f3b390c8000 r-xp 00000000 103:03 536246                    /home/joel/java/jdk1.8.0_221/jre/lib/amd64/server/libjvm.so
7f3b390c8000-7f3b392c7000 ---p 00ce8000 103:03 536246                    /home/joel/java/jdk1.8.0_221/jre/lib/amd64/server/libjvm.so
7f3b392c7000-7f3b3935d000 r--p 00ce7000 103:03 536246                    /home/joel/java/jdk1.8.0_221/jre/lib/amd64/server/libjvm.so
7f3b3935d000-7f3b3938e000 rw-p 00d7d000 103:03 536246                    /home/joel/java/jdk1.8.0_221/jre/lib/amd64/server/libjvm.so
7f3b3938e000-7f3b393c9000 rw-p 00000000 00:00 0 
7f3b393c9000-7f3b395b0000 r-xp 00000000 103:03 136828                    /lib/x86_64-linux-gnu/libc-2.27.so
7f3b395b0000-7f3b397b0000 ---p 001e7000 103:03 136828                    /lib/x86_64-linux-gnu/libc-2.27.so
7f3b397b0000-7f3b397b4000 r--p 001e7000 103:03 136828                    /lib/x86_64-linux-gnu/libc-2.27.so
7f3b397b4000-7f3b397b6000 rw-p 001eb000 103:03 136828                    /lib/x86_64-linux-gnu/libc-2.27.so
7f3b397b6000-7f3b397ba000 rw-p 00000000 00:00 0 
7f3b397ba000-7f3b397bd000 r-xp 00000000 103:03 136851                    /lib/x86_64-linux-gnu/libdl-2.27.so
7f3b397bd000-7f3b399bc000 ---p 00003000 103:03 136851                    /lib/x86_64-linux-gnu/libdl-2.27.so
7f3b399bc000-7f3b399bd000 r--p 00002000 103:03 136851                    /lib/x86_64-linux-gnu/libdl-2.27.so
7f3b399bd000-7f3b399be000 rw-p 00003000 103:03 136851                    /lib/x86_64-linux-gnu/libdl-2.27.so
7f3b399be000-7f3b399d5000 r-xp 00000000 103:03 788051                    /home/joel/java/jdk1.8.0_221/lib/amd64/jli/libjli.so
7f3b399d5000-7f3b39bd4000 ---p 00017000 103:03 788051                    /home/joel/java/jdk1.8.0_221/lib/amd64/jli/libjli.so
7f3b39bd4000-7f3b39bd5000 r--p 00016000 103:03 788051                    /home/joel/java/jdk1.8.0_221/lib/amd64/jli/libjli.so
7f3b39bd5000-7f3b39bd6000 rw-p 00017000 103:03 788051                    /home/joel/java/jdk1.8.0_221/lib/amd64/jli/libjli.so
7f3b39bd6000-7f3b39bf0000 r-xp 00000000 103:03 136961                    /lib/x86_64-linux-gnu/libpthread-2.27.so
7f3b39bf0000-7f3b39def000 ---p 0001a000 103:03 136961                    /lib/x86_64-linux-gnu/libpthread-2.27.so
7f3b39def000-7f3b39df0000 r--p 00019000 103:03 136961                    /lib/x86_64-linux-gnu/libpthread-2.27.so
7f3b39df0000-7f3b39df1000 rw-p 0001a000 103:03 136961                    /lib/x86_64-linux-gnu/libpthread-2.27.so
7f3b39df1000-7f3b39df5000 rw-p 00000000 00:00 0 
7f3b39df5000-7f3b39e1c000 r-xp 00000000 103:03 136800                    /lib/x86_64-linux-gnu/ld-2.27.so
7f3b39f00000-7f3b39f01000 ---p 00000000 00:00 0 
7f3b39f01000-7f3b39f04000 ---p 00000000 00:00 0 
7f3b39f04000-7f3b3a005000 rw-p 00000000 00:00 0 
7f3b3a012000-7f3b3a01a000 rw-s 00000000 103:03 675670                    /tmp/hsperfdata_joel/7908
7f3b3a01a000-7f3b3a01b000 rw-p 00000000 00:00 0 
7f3b3a01b000-7f3b3a01c000 r--p 00000000 00:00 0 
7f3b3a01c000-7f3b3a01d000 r--p 00027000 103:03 136800                    /lib/x86_64-linux-gnu/ld-2.27.so
7f3b3a01d000-7f3b3a01e000 rw-p 00028000 103:03 136800                    /lib/x86_64-linux-gnu/ld-2.27.so
7f3b3a01e000-7f3b3a01f000 rw-p 00000000 00:00 0 
7ffef9d09000-7ffef9d2a000 rw-p 00000000 00:00 0                          [stack]
7ffef9d3e000-7ffef9d41000 r--p 00000000 00:00 0                          [vvar]
7ffef9d41000-7ffef9d42000 r-xp 00000000 00:00 0                          [vdso]
ffffffffff600000-ffffffffff601000 r-xp 00000000 00:00 0                  [vsyscall]

VM Arguments:
jvm_args: -Dfile.encoding=UTF-8 
java_command: application.Main
java_class_path (initial): /home/joel/git/assignment3/Assignment3/bin:/home/joel/.eclipse/360744294_linux_gtk_x86_64/plugins/org.eclipse.fx.ide.css.jfx8_3.5.0.201907240300.jar:/home/joel/git/assignment3/Assignment3/libs/flickr4java-3.0.1.jar:/home/joel/git/assignment3/Assignment3/libs/jackson-annotations-2.9.0.jar:/home/joel/git/assignment3/Assignment3/libs/jackson-core-2.9.9.jar:/home/joel/git/assignment3/Assignment3/libs/jackson-databind-2.9.9.jar:/home/joel/git/assignment3/Assignment3/libs/scribejava-apis-6.6.3.jar:/home/joel/git/assignment3/Assignment3/libs/scribejava-core-6.2.0.jar:/home/joel/git/assignment3/Assignment3/libs/slf4j-api-1.7.25.jar:/home/joel/git/assignment3/Assignment3/libs/slf4j-nop-1.7.26.jar
Launcher Type: SUN_STANDARD

Environment Variables:
PATH=/usr/local/sbin:/usr/local/bin:/usr/sbin:/usr/bin:/sbin:/bin:/usr/games:/usr/local/games:/snap/bin
USERNAME=joel
SHELL=/bin/bash
DISPLAY=:0

Signal Handlers:
SIGSEGV: [libjvm.so+0xad3d90], sa_mask[0]=11111111011111111101111111111110, sa_flags=SA_RESTART|SA_SIGINFO
SIGBUS: [libjvm.so+0xad3d90], sa_mask[0]=11111111011111111101111111111110, sa_flags=SA_RESTART|SA_SIGINFO
SIGFPE: [libjvm.so+0x90b8b0], sa_mask[0]=11111111011111111101111111111110, sa_flags=SA_RESTART|SA_SIGINFO
SIGPIPE: [libjvm.so+0x90b8b0], sa_mask[0]=11111111011111111101111111111110, sa_flags=SA_RESTART|SA_SIGINFO
SIGXFSZ: [libjvm.so+0x90b8b0], sa_mask[0]=11111111011111111101111111111110, sa_flags=SA_RESTART|SA_SIGINFO
SIGILL: [libjvm.so+0x90b8b0], sa_mask[0]=11111111011111111101111111111110, sa_flags=SA_RESTART|SA_SIGINFO
SIGUSR1: SIG_DFL, sa_mask[0]=00000000000000000000000000000000, sa_flags=none
SIGUSR2: [libjvm.so+0x90b780], sa_mask[0]=00100000000000000000000000000000, sa_flags=SA_RESTART|SA_SIGINFO
SIGHUP: SIG_DFL, sa_mask[0]=00000000000000000000000000000000, sa_flags=none
SIGINT: SIG_DFL, sa_mask[0]=00000000000000000000000000000000, sa_flags=none
SIGTERM: SIG_DFL, sa_mask[0]=00000000000000000000000000000000, sa_flags=none
SIGQUIT: SIG_DFL, sa_mask[0]=00000000000000000000000000000000, sa_flags=none


---------------  S Y S T E M  ---------------

OS:DISTRIB_ID=Ubuntu
DISTRIB_RELEASE=18.04
DISTRIB_CODENAME=bionic
DISTRIB_DESCRIPTION="Ubuntu 18.04.2 LTS"

uname:Linux 5.0.0-29-generic #31~18.04.1-Ubuntu SMP Thu Sep 12 18:29:21 UTC 2019 x86_64
libc:glibc 2.27 NPTL 2.27 
rlimit: STACK 8192k, CORE 0k, NPROC 30088, NOFILE 1048576, AS infinity
load average:1.64 1.71 1.69

/proc/meminfo:
MemTotal:        7771812 kB
MemFree:          110384 kB
MemAvailable:      25876 kB
Buffers:            2716 kB
Cached:           511924 kB
SwapCached:           40 kB
Active:          6303428 kB
Inactive:         926600 kB
Active(anon):    6272020 kB
Inactive(anon):   897212 kB
Active(file):      31408 kB
Inactive(file):    29388 kB
Unevictable:         572 kB
Mlocked:              64 kB
SwapTotal:       7812092 kB
SwapFree:             36 kB
Dirty:               388 kB
Writeback:             0 kB
AnonPages:       6717716 kB
Mapped:            84456 kB
Shmem:            452000 kB
KReclaimable:      52228 kB
Slab:             161372 kB
SReclaimable:      52228 kB
SUnreclaim:       109144 kB
KernelStack:       40256 kB
PageTables:       126680 kB
NFS_Unstable:          0 kB
Bounce:                0 kB
WritebackTmp:          0 kB
CommitLimit:    11697996 kB
Committed_AS:   27386856 kB
VmallocTotal:   34359738367 kB
VmallocUsed:           0 kB
VmallocChunk:          0 kB
Percpu:             2816 kB
HardwareCorrupted:     0 kB
AnonHugePages:         0 kB
ShmemHugePages:        0 kB
ShmemPmdMapped:        0 kB
CmaTotal:              0 kB
CmaFree:               0 kB
HugePages_Total:       0
HugePages_Free:        0
HugePages_Rsvd:        0
HugePages_Surp:        0
Hugepagesize:       2048 kB
Hugetlb:               0 kB
DirectMap4k:      364668 kB
DirectMap2M:     7626752 kB
DirectMap1G:           0 kB

container (cgroup) information:
container_type: cgroupv1
cpu_cpuset_cpus: 0-7
cpu_memory_nodes: 0
active_processor_count: 8
cpu_quota: -1
cpu_period: 100000
cpu_shares: -1
memory_limit_in_bytes: -1
memory_and_swap_limit_in_bytes: -2
memory_soft_limit_in_bytes: -1
memory_usage_in_bytes: 7405887488
memory_max_usage_in_bytes: 7511904256


CPU:total 8 (initial active 8) (4 cores per cpu, 2 threads per core) family 6 model 142 stepping 10, cmov, cx8, fxsr, mmx, sse, sse2, sse3, ssse3, sse4.1, sse4.2, popcnt, avx, avx2, aes, clmul, erms, 3dnowpref, lzcnt, ht, tsc, tscinvbit, bmi1, bmi2, adx

/proc/cpuinfo:
processor	: 0
vendor_id	: GenuineIntel
cpu family	: 6
model		: 142
model name	: Intel(R) Core(TM) i5-8250U CPU @ 1.60GHz
stepping	: 10
microcode	: 0xb4
cpu MHz		: 2453.177
cache size	: 6144 KB
physical id	: 0
siblings	: 8
core id		: 0
cpu cores	: 4
apicid		: 0
initial apicid	: 0
fpu		: yes
fpu_exception	: yes
cpuid level	: 22
wp		: yes
flags		: fpu vme de pse tsc msr pae mce cx8 apic sep mtrr pge mca cmov pat pse36 clflush dts acpi mmx fxsr sse sse2 ss ht tm pbe syscall nx pdpe1gb rdtscp lm constant_tsc art arch_perfmon pebs bts rep_good nopl xtopology nonstop_tsc cpuid aperfmperf tsc_known_freq pni pclmulqdq dtes64 monitor ds_cpl vmx est tm2 ssse3 sdbg fma cx16 xtpr pdcm pcid sse4_1 sse4_2 x2apic movbe popcnt tsc_deadline_timer aes xsave avx f16c rdrand lahf_lm abm 3dnowprefetch cpuid_fault epb invpcid_single pti ssbd ibrs ibpb stibp tpr_shadow vnmi flexpriority ept vpid ept_ad fsgsbase tsc_adjust bmi1 avx2 smep bmi2 erms invpcid mpx rdseed adx smap clflushopt intel_pt xsaveopt xsavec xgetbv1 xsaves dtherm ida arat pln pts hwp hwp_notify hwp_act_window hwp_epp md_clear flush_l1d
bugs		: cpu_meltdown spectre_v1 spectre_v2 spec_store_bypass l1tf mds swapgs
bogomips	: 3600.00
clflush size	: 64
cache_alignment	: 64
address sizes	: 39 bits physical, 48 bits virtual
power management:

processor	: 1
vendor_id	: GenuineIntel
cpu family	: 6
model		: 142
model name	: Intel(R) Core(TM) i5-8250U CPU @ 1.60GHz
stepping	: 10
microcode	: 0xb4
cpu MHz		: 2450.597
cache size	: 6144 KB
physical id	: 0
siblings	: 8
core id		: 1
cpu cores	: 4
apicid		: 2
initial apicid	: 2
fpu		: yes
fpu_exception	: yes
cpuid level	: 22
wp		: yes
flags		: fpu vme de pse tsc msr pae mce cx8 apic sep mtrr pge mca cmov pat pse36 clflush dts acpi mmx fxsr sse sse2 ss ht tm pbe syscall nx pdpe1gb rdtscp lm constant_tsc art arch_perfmon pebs bts rep_good nopl xtopology nonstop_tsc cpuid aperfmperf tsc_known_freq pni pclmulqdq dtes64 monitor ds_cpl vmx est tm2 ssse3 sdbg fma cx16 xtpr pdcm pcid sse4_1 sse4_2 x2apic movbe popcnt tsc_deadline_timer aes xsave avx f16c rdrand lahf_lm abm 3dnowprefetch cpuid_fault epb invpcid_single pti tpr_shadow vnmi flexpriority ept vpid ept_ad fsgsbase tsc_adjust bmi1 avx2 smep bmi2 erms invpcid mpx rdseed adx smap clflushopt intel_pt xsaveopt xsavec xgetbv1 xsaves dtherm ida arat pln pts hwp hwp_notify hwp_act_window hwp_epp
bugs		: cpu_meltdown spectre_v1 spectre_v2 spec_store_bypass l1tf mds swapgs
bogomips	: 3600.00
clflush size	: 64
cache_alignment	: 64
address sizes	: 39 bits physical, 48 bits virtual
power management:

processor	: 2
vendor_id	: GenuineIntel
cpu family	: 6
model		: 142
model name	: Intel(R) Core(TM) i5-8250U CPU @ 1.60GHz
stepping	: 10
microcode	: 0xb4
cpu MHz		: 2421.330
cache size	: 6144 KB
physical id	: 0
siblings	: 8
core id		: 2
cpu cores	: 4
apicid		: 4
initial apicid	: 4
fpu		: yes
fpu_exception	: yes
cpuid level	: 22
wp		: yes
flags		: fpu vme de pse tsc msr pae mce cx8 apic sep mtrr pge mca cmov pat pse36 clflush dts acpi mmx fxsr sse sse2 ss ht tm pbe syscall nx pdpe1gb rdtscp lm constant_tsc art arch_perfmon pebs bts rep_good nopl xtopology nonstop_tsc cpuid aperfmperf tsc_known_freq pni pclmulqdq dtes64 monitor ds_cpl vmx est tm2 ssse3 sdbg fma cx16 xtpr pdcm pcid sse4_1 sse4_2 x2apic movbe popcnt tsc_deadline_timer aes xsave avx f16c rdrand lahf_lm abm 3dnowprefetch cpuid_fault epb invpcid_single pti tpr_shadow vnmi flexpriority ept vpid ept_ad fsgsbase tsc_adjust bmi1 avx2 smep bmi2 erms invpcid mpx rdseed adx smap clflushopt intel_pt xsaveopt xsavec xgetbv1 xsaves dtherm ida arat pln pts hwp hwp_notify hwp_act_window hwp_epp
bugs		: cpu_meltdown spectre_v1 spectre_v2 spec_store_bypass l1tf mds swapgs
bogomips	: 3600.00
clflush size	: 64
cache_alignment	: 64
address sizes	: 39 bits physical, 48 bits virtual
power management:

processor	: 3
vendor_id	: GenuineIntel
cpu family	: 6
model		: 142
model name	: Intel(R) Core(TM) i5-8250U CPU @ 1.60GHz
stepping	: 10
microcode	: 0xb4
cpu MHz		: 2482.656
cache size	: 6144 KB
physical id	: 0
siblings	: 8
core id		: 3
cpu cores	: 4
apicid		: 6
initial apicid	: 6
fpu		: yes
fpu_exception	: yes
cpuid level	: 22
wp		: yes
flags		: fpu vme de pse tsc msr pae mce cx8 apic sep mtrr pge mca cmov pat pse36 clflush dts acpi mmx fxsr sse sse2 ss ht tm pbe syscall nx pdpe1gb rdtscp lm constant_tsc art arch_perfmon pebs bts rep_good nopl xtopology nonstop_tsc cpuid aperfmperf tsc_known_freq pni pclmulqdq dtes64 monitor ds_cpl vmx est tm2 ssse3 sdbg fma cx16 xtpr pdcm pcid sse4_1 sse4_2 x2apic movbe popcnt tsc_deadline_timer aes xsave avx f16c rdrand lahf_lm abm 3dnowprefetch cpuid_fault epb invpcid_single pti tpr_shadow vnmi flexpriority ept vpid ept_ad fsgsbase tsc_adjust bmi1 avx2 smep bmi2 erms invpcid mpx rdseed adx smap clflushopt intel_pt xsaveopt xsavec xgetbv1 xsaves dtherm ida arat pln pts hwp hwp_notify hwp_act_window hwp_epp
bugs		: cpu_meltdown spectre_v1 spectre_v2 spec_store_bypass l1tf mds swapgs
bogomips	: 3600.00
clflush size	: 64
cache_alignment	: 64
address sizes	: 39 bits physical, 48 bits virtual
power management:

processor	: 4
vendor_id	: GenuineIntel
cpu family	: 6
model		: 142
model name	: Intel(R) Core(TM) i5-8250U CPU @ 1.60GHz
stepping	: 10
microcode	: 0xb4
cpu MHz		: 2414.720
cache size	: 6144 KB
physical id	: 0
siblings	: 8
core id		: 0
cpu cores	: 4
apicid		: 1
initial apicid	: 1
fpu		: yes
fpu_exception	: yes
cpuid level	: 22
wp		: yes
flags		: fpu vme de pse tsc msr pae mce cx8 apic sep mtrr pge mca cmov pat pse36 clflush dts acpi mmx fxsr sse sse2 ss ht tm pbe syscall nx pdpe1gb rdtscp lm constant_tsc art arch_perfmon pebs bts rep_good nopl xtopology nonstop_tsc cpuid aperfmperf tsc_known_freq pni pclmulqdq dtes64 monitor ds_cpl vmx est tm2 ssse3 sdbg fma cx16 xtpr pdcm pcid sse4_1 sse4_2 x2apic movbe popcnt tsc_deadline_timer aes xsave avx f16c rdrand lahf_lm abm 3dnowprefetch cpuid_fault epb invpcid_single pti ssbd ibrs ibpb stibp tpr_shadow vnmi flexpriority ept vpid ept_ad fsgsbase tsc_adjust bmi1 avx2 smep bmi2 erms invpcid mpx rdseed adx smap clflushopt intel_pt xsaveopt xsavec xgetbv1 xsaves dtherm ida arat pln pts hwp hwp_notify hwp_act_window hwp_epp md_clear flush_l1d
bugs		: cpu_meltdown spectre_v1 spectre_v2 spec_store_bypass l1tf mds swapgs
bogomips	: 3600.00
clflush size	: 64
cache_alignment	: 64
address sizes	: 39 bits physical, 48 bits virtual
power management:

processor	: 5
vendor_id	: GenuineIntel
cpu family	: 6
model		: 142
model name	: Intel(R) Core(TM) i5-8250U CPU @ 1.60GHz
stepping	: 10
microcode	: 0xb4
cpu MHz		: 2459.723
cache size	: 6144 KB
physical id	: 0
siblings	: 8
core id		: 1
cpu cores	: 4
apicid		: 3
initial apicid	: 3
fpu		: yes
fpu_exception	: yes
cpuid level	: 22
wp		: yes
flags		: fpu vme de pse tsc msr pae mce cx8 apic sep mtrr pge mca cmov pat pse36 clflush dts acpi mmx fxsr sse sse2 ss ht tm pbe syscall nx pdpe1gb rdtscp lm constant_tsc art arch_perfmon pebs bts rep_good nopl xtopology nonstop_tsc cpuid aperfmperf tsc_known_freq pni pclmulqdq dtes64 monitor ds_cpl vmx est tm2 ssse3 sdbg fma cx16 xtpr pdcm pcid sse4_1 sse4_2 x2apic movbe popcnt tsc_deadline_timer aes xsave avx f16c rdrand lahf_lm abm 3dnowprefetch cpuid_fault epb invpcid_single pti ssbd ibrs ibpb stibp tpr_shadow vnmi flexpriority ept vpid ept_ad fsgsbase tsc_adjust bmi1 avx2 smep bmi2 erms invpcid mpx rdseed adx smap clflushopt intel_pt xsaveopt xsavec xgetbv1 xsaves dtherm ida arat pln pts hwp hwp_notify hwp_act_window hwp_epp md_clear flush_l1d
bugs		: cpu_meltdown spectre_v1 spectre_v2 spec_store_bypass l1tf mds swapgs
bogomips	: 3600.00
clflush size	: 64
cache_alignment	: 64
address sizes	: 39 bits physical, 48 bits virtual
power management:

processor	: 6
vendor_id	: GenuineIntel
cpu family	: 6
model		: 142
model name	: Intel(R) Core(TM) i5-8250U CPU @ 1.60GHz
stepping	: 10
microcode	: 0xb4
cpu MHz		: 2477.892
cache size	: 6144 KB
physical id	: 0
siblings	: 8
core id		: 2
cpu cores	: 4
apicid		: 5
initial apicid	: 5
fpu		: yes
fpu_exception	: yes
cpuid level	: 22
wp		: yes
flags		: fpu vme de pse tsc msr pae mce cx8 apic sep mtrr pge mca cmov pat pse36 clflush dts acpi mmx fxsr sse sse2 ss ht tm pbe syscall nx pdpe1gb rdtscp lm constant_tsc art arch_perfmon pebs bts rep_good nopl xtopology nonstop_tsc cpuid aperfmperf tsc_known_freq pni pclmulqdq dtes64 monitor ds_cpl vmx est tm2 ssse3 sdbg fma cx16 xtpr pdcm pcid sse4_1 sse4_2 x2apic movbe popcnt tsc_deadline_timer aes xsave avx f16c rdrand lahf_lm abm 3dnowprefetch cpuid_fault epb invpcid_single pti ssbd ibrs ibpb stibp tpr_shadow vnmi flexpriority ept vpid ept_ad fsgsbase tsc_adjust bmi1 avx2 smep bmi2 erms invpcid mpx rdseed adx smap clflushopt intel_pt xsaveopt xsavec xgetbv1 xsaves dtherm ida arat pln pts hwp hwp_notify hwp_act_window hwp_epp md_clear flush_l1d
bugs		: cpu_meltdown spectre_v1 spectre_v2 spec_store_bypass l1tf mds swapgs
bogomips	: 3600.00
clflush size	: 64
cache_alignment	: 64
address sizes	: 39 bits physical, 48 bits virtual
power management:

processor	: 7
vendor_id	: GenuineIntel
cpu family	: 6
model		: 142
model name	: Intel(R) Core(TM) i5-8250U CPU @ 1.60GHz
stepping	: 10
microcode	: 0xb4
cpu MHz		: 2431.246
cache size	: 6144 KB
physical id	: 0
siblings	: 8
core id		: 3
cpu cores	: 4
apicid		: 7
initial apicid	: 7
fpu		: yes
fpu_exception	: yes
cpuid level	: 22
wp		: yes
flags		: fpu vme de pse tsc msr pae mce cx8 apic sep mtrr pge mca cmov pat pse36 clflush dts acpi mmx fxsr sse sse2 ss ht tm pbe syscall nx pdpe1gb rdtscp lm constant_tsc art arch_perfmon pebs bts rep_good nopl xtopology nonstop_tsc cpuid aperfmperf tsc_known_freq pni pclmulqdq dtes64 monitor ds_cpl vmx est tm2 ssse3 sdbg fma cx16 xtpr pdcm pcid sse4_1 sse4_2 x2apic movbe popcnt tsc_deadline_timer aes xsave avx f16c rdrand lahf_lm abm 3dnowprefetch cpuid_fault epb invpcid_single pti ssbd ibrs ibpb stibp tpr_shadow vnmi flexpriority ept vpid ept_ad fsgsbase tsc_adjust bmi1 avx2 smep bmi2 erms invpcid mpx rdseed adx smap clflushopt intel_pt xsaveopt xsavec xgetbv1 xsaves dtherm ida arat pln pts hwp hwp_notify hwp_act_window hwp_epp md_clear flush_l1d
bugs		: cpu_meltdown spectre_v1 spectre_v2 spec_store_bypass l1tf mds swapgs
bogomips	: 3600.00
clflush size	: 64
cache_alignment	: 64
address sizes	: 39 bits physical, 48 bits virtual
power management:



Memory: 4k page, physical 7771812k(110784k free), swap 7812092k(0k free)

vm_info: Java HotSpot(TM) 64-Bit Server VM (25.221-b11) for linux-amd64 JRE (1.8.0_221-b11), built on Jul  4 2019 04:27:00 by "java_re" with gcc 7.3.0

time: Sun Oct 27 18:50:38 2019
timezone: NZDT
elapsed time: 0 seconds (0d 0h 0m 0s)

